<?xml version="1.0" encoding="UTF-8"?>
<!-- Generated by org.testng.reporters.JUnitXMLReporter -->
<testsuite ignored="0" hostname="DESKTOP-AD44IUN" failures="0" tests="9" name="AmazonDDT" time="33.247" errors="0" timestamp="2023-02-03T08:24:03 IST">
  <testcase classname="testcases.AmazonDDT" name="sign" time="5.334"/>
  <testcase classname="testcases.AmazonDDT" name="Regform" time="1.762"/>
  <testcase classname="testcases.AmazonDDT" name="Regform" time="1.281"/>
  <testcase classname="testcases.AmazonDDT" name="Regform" time="1.232"/>
  <testcase classname="testcases.AmazonDDT" name="Regform" time="1.244"/>
  <testcase classname="testcases.AmazonDDT" name="Regform" time="1.232"/>
  <testcase classname="testcases.AmazonDDT" name="Regform" time="1.284"/>
  <testcase classname="testcases.AmazonDDT" name="Regform" time="1.15"/>
  <testcase classname="testcases.AmazonDDT" name="Regform" time="1.117"/>
</testsuite> <!-- AmazonDDT -->
