<?xml version="1.0" encoding="UTF-8"?>
<!-- Generated by org.testng.reporters.JUnitXMLReporter -->
<testsuite ignored="0" hostname="DESKTOP-AD44IUN" failures="0" tests="9" name="Snippet" time="17.142" errors="0" timestamp="2023-02-01T22:41:49 IST">
  <testcase classname="testcases.Snippet" name="signIn" time="2.215"/>
  <testcase classname="testcases.Snippet" name="RegForm" time="0.866"/>
  <testcase classname="testcases.Snippet" name="RegForm" time="0.702"/>
  <testcase classname="testcases.Snippet" name="RegForm" time="0.583"/>
  <testcase classname="testcases.Snippet" name="RegForm" time="0.607"/>
  <testcase classname="testcases.Snippet" name="RegForm" time="0.596"/>
  <testcase classname="testcases.Snippet" name="RegForm" time="0.526"/>
  <testcase classname="testcases.Snippet" name="RegForm" time="0.531"/>
  <testcase classname="testcases.Snippet" name="RegForm" time="0.481"/>
</testsuite> <!-- Snippet -->
