<?xml version="1.0" encoding="UTF-8"?>
<testng-results ignored="0" total="9" passed="9" failed="0" skipped="0">
  <reporter-output>
  </reporter-output>
  <suite started-at="2023-02-03T08:23:30 IST" name="Suite" finished-at="2023-02-03T08:24:03 IST" duration-ms="33247">
    <groups>
    </groups>
    <test started-at="2023-02-03T08:23:30 IST" name="AmazonDDT" finished-at="2023-02-03T08:24:03 IST" duration-ms="33247">
      <class name="testcases.AmazonDDT">
        <test-method is-config="true" signature="setup(java.lang.String)[pri:0, instance:testcases.AmazonDDT@231f98ef]" started-at="2023-02-03T08:23:30 IST" name="setup" finished-at="2023-02-03T08:23:42 IST" duration-ms="11577" status="PASS">
          <params>
            <param index="0">
              <value>
                <![CDATA[chrome]]>
              </value>
            </param>
          </params>
          <reporter-output>
          </reporter-output>
        </test-method> <!-- setup -->
        <test-method signature="sign()[pri:1, instance:testcases.AmazonDDT@231f98ef]" started-at="2023-02-03T08:23:42 IST" name="sign" finished-at="2023-02-03T08:23:47 IST" duration-ms="5334" status="PASS">
          <reporter-output>
          </reporter-output>
        </test-method> <!-- sign -->
        <test-method signature="Regform(java.lang.String,java.lang.String,java.lang.String)[pri:2, instance:testcases.AmazonDDT@231f98ef]" started-at="2023-02-03T08:23:51 IST" name="Regform" data-provider="test" finished-at="2023-02-03T08:23:53 IST" duration-ms="1762" status="PASS">
          <params>
            <param index="0">
              <value>
                <![CDATA[Apple]]>
              </value>
            </param>
            <param index="1">
              <value>
                <![CDATA[apple@gmail.com]]>
              </value>
            </param>
            <param index="2">
              <value>
                <![CDATA[test123]]>
              </value>
            </param>
          </params>
          <reporter-output>
          </reporter-output>
        </test-method> <!-- Regform -->
        <test-method signature="Regform(java.lang.String,java.lang.String,java.lang.String)[pri:2, instance:testcases.AmazonDDT@231f98ef]" started-at="2023-02-03T08:23:53 IST" name="Regform" data-provider="test" finished-at="2023-02-03T08:23:54 IST" duration-ms="1281" status="PASS">
          <params>
            <param index="0">
              <value>
                <![CDATA[Boy]]>
              </value>
            </param>
            <param index="1">
              <value>
                <![CDATA[boy@gmail.com]]>
              </value>
            </param>
            <param index="2">
              <value>
                <![CDATA[test123]]>
              </value>
            </param>
          </params>
          <reporter-output>
          </reporter-output>
        </test-method> <!-- Regform -->
        <test-method signature="Regform(java.lang.String,java.lang.String,java.lang.String)[pri:2, instance:testcases.AmazonDDT@231f98ef]" started-at="2023-02-03T08:23:54 IST" name="Regform" data-provider="test" finished-at="2023-02-03T08:23:55 IST" duration-ms="1232" status="PASS">
          <params>
            <param index="0">
              <value>
                <![CDATA[Cat]]>
              </value>
            </param>
            <param index="1">
              <value>
                <![CDATA[cat@gmail.com]]>
              </value>
            </param>
            <param index="2">
              <value>
                <![CDATA[test123]]>
              </value>
            </param>
          </params>
          <reporter-output>
          </reporter-output>
        </test-method> <!-- Regform -->
        <test-method signature="Regform(java.lang.String,java.lang.String,java.lang.String)[pri:2, instance:testcases.AmazonDDT@231f98ef]" started-at="2023-02-03T08:23:55 IST" name="Regform" data-provider="test" finished-at="2023-02-03T08:23:57 IST" duration-ms="1244" status="PASS">
          <params>
            <param index="0">
              <value>
                <![CDATA[Dog]]>
              </value>
            </param>
            <param index="1">
              <value>
                <![CDATA[cat@gmail.com]]>
              </value>
            </param>
            <param index="2">
              <value>
                <![CDATA[test123]]>
              </value>
            </param>
          </params>
          <reporter-output>
          </reporter-output>
        </test-method> <!-- Regform -->
        <test-method signature="Regform(java.lang.String,java.lang.String,java.lang.String)[pri:2, instance:testcases.AmazonDDT@231f98ef]" started-at="2023-02-03T08:23:57 IST" name="Regform" data-provider="test" finished-at="2023-02-03T08:23:58 IST" duration-ms="1232" status="PASS">
          <params>
            <param index="0">
              <value>
                <![CDATA[Elephant]]>
              </value>
            </param>
            <param index="1">
              <value>
                <![CDATA[cat@gmail.com]]>
              </value>
            </param>
            <param index="2">
              <value>
                <![CDATA[test123]]>
              </value>
            </param>
          </params>
          <reporter-output>
          </reporter-output>
        </test-method> <!-- Regform -->
        <test-method signature="Regform(java.lang.String,java.lang.String,java.lang.String)[pri:2, instance:testcases.AmazonDDT@231f98ef]" started-at="2023-02-03T08:23:58 IST" name="Regform" data-provider="test" finished-at="2023-02-03T08:23:59 IST" duration-ms="1284" status="PASS">
          <params>
            <param index="0">
              <value>
                <![CDATA[Fox]]>
              </value>
            </param>
            <param index="1">
              <value>
                <![CDATA[cat@gmail.com]]>
              </value>
            </param>
            <param index="2">
              <value>
                <![CDATA[test123]]>
              </value>
            </param>
          </params>
          <reporter-output>
          </reporter-output>
        </test-method> <!-- Regform -->
        <test-method signature="Regform(java.lang.String,java.lang.String,java.lang.String)[pri:2, instance:testcases.AmazonDDT@231f98ef]" started-at="2023-02-03T08:23:59 IST" name="Regform" data-provider="test" finished-at="2023-02-03T08:24:00 IST" duration-ms="1150" status="PASS">
          <params>
            <param index="0">
              <value>
                <![CDATA[Goat]]>
              </value>
            </param>
            <param index="1">
              <value>
                <![CDATA[cat@gmail.com]]>
              </value>
            </param>
            <param index="2">
              <value>
                <![CDATA[test123]]>
              </value>
            </param>
          </params>
          <reporter-output>
          </reporter-output>
        </test-method> <!-- Regform -->
        <test-method signature="Regform(java.lang.String,java.lang.String,java.lang.String)[pri:2, instance:testcases.AmazonDDT@231f98ef]" started-at="2023-02-03T08:24:00 IST" name="Regform" data-provider="test" finished-at="2023-02-03T08:24:01 IST" duration-ms="1117" status="PASS">
          <params>
            <param index="0">
              <value>
                <![CDATA[Hen]]>
              </value>
            </param>
            <param index="1">
              <value>
                <![CDATA[cat@gmail.com]]>
              </value>
            </param>
            <param index="2">
              <value>
                <![CDATA[test123]]>
              </value>
            </param>
          </params>
          <reporter-output>
          </reporter-output>
        </test-method> <!-- Regform -->
        <test-method is-config="true" signature="tearDown()[pri:0, instance:testcases.AmazonDDT@231f98ef]" started-at="2023-02-03T08:24:01 IST" name="tearDown" finished-at="2023-02-03T08:24:03 IST" duration-ms="1785" status="PASS">
          <reporter-output>
          </reporter-output>
        </test-method> <!-- tearDown -->
      </class> <!-- testcases.AmazonDDT -->
    </test> <!-- AmazonDDT -->
  </suite> <!-- Suite -->
</testng-results>
